The C compiler identification could not be found in "/Users/oleg/Desktop/projects/Arduino/radio_car/cmake-build-debug/CMakeFiles/3.14.3/CompilerIdC/CMakeCCompilerId.d"

The CXX compiler identification could not be found in "/Users/oleg/Desktop/projects/Arduino/radio_car/cmake-build-debug/CMakeFiles/3.14.3/CompilerIdCXX/CMakeCXXCompilerId.d"

Compiling the C compiler identification source file "CMakeCCompilerId.c" failed.
Compiler: avr-gcc 
Build flags: -g;-Os;-w;-ffunction-sections;-fdata-sections;-MMD
Id flags:  

The output was:
No such file or directory


Compiling the C compiler identification source file "CMakeCCompilerId.c" failed.
Compiler: avr-gcc 
Build flags: -g;-Os;-w;-ffunction-sections;-fdata-sections;-MMD
Id flags: -c 

The output was:
No such file or directory


Compiling the C compiler identification source file "CMakeCCompilerId.c" failed.
Compiler: avr-gcc 
Build flags: -g;-Os;-w;-ffunction-sections;-fdata-sections;-MMD
Id flags: -Aa 

The output was:
No such file or directory


Compiling the C compiler identification source file "CMakeCCompilerId.c" failed.
Compiler: avr-gcc 
Build flags: -g;-Os;-w;-ffunction-sections;-fdata-sections;-MMD
Id flags: -D__CLASSIC_C__ 

The output was:
No such file or directory


Compiling the C compiler identification source file "CMakeCCompilerId.c" failed.
Compiler: avr-gcc 
Build flags: 
Id flags:  

The output was:
No such file or directory


Compiling the C compiler identification source file "CMakeCCompilerId.c" failed.
Compiler: avr-gcc 
Build flags: 
Id flags: -c 

The output was:
No such file or directory


Compiling the C compiler identification source file "CMakeCCompilerId.c" failed.
Compiler: avr-gcc 
Build flags: 
Id flags: -Aa 

The output was:
No such file or directory


Compiling the C compiler identification source file "CMakeCCompilerId.c" failed.
Compiler: avr-gcc 
Build flags: 
Id flags: -D__CLASSIC_C__ 

The output was:
No such file or directory


Checking whether the C compiler is IAR using "" did not match "IAR .+ Compiler":
Checking whether the C compiler is IAR using "" did not match "IAR .+ Compiler":
Compiling the CXX compiler identification source file "CMakeCXXCompilerId.cpp" failed.
Compiler: avr-g++ 
Build flags: -g;-Os;-w;-fno-exceptions;-ffunction-sections;-fdata-sections;-fno-threadsafe-statics;-MMD
Id flags:  

The output was:
No such file or directory


Compiling the CXX compiler identification source file "CMakeCXXCompilerId.cpp" failed.
Compiler: avr-g++ 
Build flags: -g;-Os;-w;-fno-exceptions;-ffunction-sections;-fdata-sections;-fno-threadsafe-statics;-MMD
Id flags: -c 

The output was:
No such file or directory


Compiling the CXX compiler identification source file "CMakeCXXCompilerId.cpp" failed.
Compiler: avr-g++ 
Build flags: -g;-Os;-w;-fno-exceptions;-ffunction-sections;-fdata-sections;-fno-threadsafe-statics;-MMD
Id flags: --c++ 

The output was:
No such file or directory


Compiling the CXX compiler identification source file "CMakeCXXCompilerId.cpp" failed.
Compiler: avr-g++ 
Build flags: -g;-Os;-w;-fno-exceptions;-ffunction-sections;-fdata-sections;-fno-threadsafe-statics;-MMD
Id flags: --ec++ 

The output was:
No such file or directory


Compiling the CXX compiler identification source file "CMakeCXXCompilerId.cpp" failed.
Compiler: avr-g++ 
Build flags: 
Id flags:  

The output was:
No such file or directory


Compiling the CXX compiler identification source file "CMakeCXXCompilerId.cpp" failed.
Compiler: avr-g++ 
Build flags: 
Id flags: -c 

The output was:
No such file or directory


Compiling the CXX compiler identification source file "CMakeCXXCompilerId.cpp" failed.
Compiler: avr-g++ 
Build flags: 
Id flags: --c++ 

The output was:
No such file or directory


Compiling the CXX compiler identification source file "CMakeCXXCompilerId.cpp" failed.
Compiler: avr-g++ 
Build flags: 
Id flags: --ec++ 

The output was:
No such file or directory


Checking whether the CXX compiler is IAR using "" did not match "IAR .+ Compiler":
Checking whether the CXX compiler is IAR using "" did not match "IAR .+ Compiler":
Compiling the C compiler identification source file "CMakeCCompilerId.c" failed.
Compiler: avr-gcc 
Build flags: -g;-Os;-w;-ffunction-sections;-fdata-sections;-MMD
Id flags:  

The output was:
No such file or directory


Compiling the C compiler identification source file "CMakeCCompilerId.c" failed.
Compiler: avr-gcc 
Build flags: -g;-Os;-w;-ffunction-sections;-fdata-sections;-MMD
Id flags: -c 

The output was:
No such file or directory


Compiling the C compiler identification source file "CMakeCCompilerId.c" failed.
Compiler: avr-gcc 
Build flags: -g;-Os;-w;-ffunction-sections;-fdata-sections;-MMD
Id flags: -Aa 

The output was:
No such file or directory


Compiling the C compiler identification source file "CMakeCCompilerId.c" failed.
Compiler: avr-gcc 
Build flags: -g;-Os;-w;-ffunction-sections;-fdata-sections;-MMD
Id flags: -D__CLASSIC_C__ 

The output was:
No such file or directory


Compiling the C compiler identification source file "CMakeCCompilerId.c" failed.
Compiler: avr-gcc 
Build flags: 
Id flags:  

The output was:
No such file or directory


Compiling the C compiler identification source file "CMakeCCompilerId.c" failed.
Compiler: avr-gcc 
Build flags: 
Id flags: -c 

The output was:
No such file or directory


Compiling the C compiler identification source file "CMakeCCompilerId.c" failed.
Compiler: avr-gcc 
Build flags: 
Id flags: -Aa 

The output was:
No such file or directory


Compiling the C compiler identification source file "CMakeCCompilerId.c" failed.
Compiler: avr-gcc 
Build flags: 
Id flags: -D__CLASSIC_C__ 

The output was:
No such file or directory


Checking whether the C compiler is IAR using "" did not match "IAR .+ Compiler":
Checking whether the C compiler is IAR using "" did not match "IAR .+ Compiler":
Compiling the CXX compiler identification source file "CMakeCXXCompilerId.cpp" failed.
Compiler: avr-g++ 
Build flags: -g;-Os;-w;-fno-exceptions;-ffunction-sections;-fdata-sections;-fno-threadsafe-statics;-MMD
Id flags:  

The output was:
No such file or directory


Compiling the CXX compiler identification source file "CMakeCXXCompilerId.cpp" failed.
Compiler: avr-g++ 
Build flags: -g;-Os;-w;-fno-exceptions;-ffunction-sections;-fdata-sections;-fno-threadsafe-statics;-MMD
Id flags: -c 

The output was:
No such file or directory


Compiling the CXX compiler identification source file "CMakeCXXCompilerId.cpp" failed.
Compiler: avr-g++ 
Build flags: -g;-Os;-w;-fno-exceptions;-ffunction-sections;-fdata-sections;-fno-threadsafe-statics;-MMD
Id flags: --c++ 

The output was:
No such file or directory


Compiling the CXX compiler identification source file "CMakeCXXCompilerId.cpp" failed.
Compiler: avr-g++ 
Build flags: -g;-Os;-w;-fno-exceptions;-ffunction-sections;-fdata-sections;-fno-threadsafe-statics;-MMD
Id flags: --ec++ 

The output was:
No such file or directory


Compiling the CXX compiler identification source file "CMakeCXXCompilerId.cpp" failed.
Compiler: avr-g++ 
Build flags: 
Id flags:  

The output was:
No such file or directory


Compiling the CXX compiler identification source file "CMakeCXXCompilerId.cpp" failed.
Compiler: avr-g++ 
Build flags: 
Id flags: -c 

The output was:
No such file or directory


Compiling the CXX compiler identification source file "CMakeCXXCompilerId.cpp" failed.
Compiler: avr-g++ 
Build flags: 
Id flags: --c++ 

The output was:
No such file or directory


Compiling the CXX compiler identification source file "CMakeCXXCompilerId.cpp" failed.
Compiler: avr-g++ 
Build flags: 
Id flags: --ec++ 

The output was:
No such file or directory


Checking whether the CXX compiler is IAR using "" did not match "IAR .+ Compiler":
Checking whether the CXX compiler is IAR using "" did not match "IAR .+ Compiler":
The C compiler identification could not be found in "/Users/oleg/Desktop/projects/Arduino/radio_car/cmake-build-debug/CMakeFiles/3.14.3/CompilerIdC/CMakeCCompilerId.d"

The CXX compiler identification could not be found in "/Users/oleg/Desktop/projects/Arduino/radio_car/cmake-build-debug/CMakeFiles/3.14.3/CompilerIdCXX/CMakeCXXCompilerId.d"

The C compiler identification could not be found in "/Users/oleg/Desktop/projects/Arduino/radio_car/cmake-build-debug/CMakeFiles/3.14.3/CompilerIdC/CMakeCCompilerId.d"

The CXX compiler identification could not be found in "/Users/oleg/Desktop/projects/Arduino/radio_car/cmake-build-debug/CMakeFiles/3.14.3/CompilerIdCXX/CMakeCXXCompilerId.d"

The C compiler identification could not be found in "/Users/oleg/Desktop/projects/Arduino/radio_car/cmake-build-debug/CMakeFiles/3.14.3/CompilerIdC/CMakeCCompilerId.d"

The CXX compiler identification could not be found in "/Users/oleg/Desktop/projects/Arduino/radio_car/cmake-build-debug/CMakeFiles/3.14.3/CompilerIdCXX/CMakeCXXCompilerId.d"

The C compiler identification could not be found in "/Users/oleg/Desktop/projects/Arduino/radio_car/cmake-build-debug/CMakeFiles/3.14.3/CompilerIdC/CMakeCCompilerId.d"

The CXX compiler identification could not be found in "/Users/oleg/Desktop/projects/Arduino/radio_car/cmake-build-debug/CMakeFiles/3.14.3/CompilerIdCXX/CMakeCXXCompilerId.d"

The C compiler identification could not be found in "/Users/oleg/Desktop/projects/Arduino/radio_car/cmake-build-debug/CMakeFiles/3.14.3/CompilerIdC/CMakeCCompilerId.d"

The CXX compiler identification could not be found in "/Users/oleg/Desktop/projects/Arduino/radio_car/cmake-build-debug/CMakeFiles/3.14.3/CompilerIdCXX/CMakeCXXCompilerId.d"

The C compiler identification could not be found in "/Users/oleg/Desktop/projects/Arduino/radio_car/cmake-build-debug/CMakeFiles/3.14.3/CompilerIdC/CMakeCCompilerId.d"

The CXX compiler identification could not be found in "/Users/oleg/Desktop/projects/Arduino/radio_car/cmake-build-debug/CMakeFiles/3.14.3/CompilerIdCXX/CMakeCXXCompilerId.d"

The C compiler identification could not be found in "/Users/oleg/Desktop/projects/Arduino/radio_car/cmake-build-debug/CMakeFiles/3.14.3/CompilerIdC/CMakeCCompilerId.d"

The CXX compiler identification could not be found in "/Users/oleg/Desktop/projects/Arduino/radio_car/cmake-build-debug/CMakeFiles/3.14.3/CompilerIdCXX/CMakeCXXCompilerId.d"

The C compiler identification could not be found in "/Users/oleg/Desktop/projects/Arduino/radio_car/cmake-build-debug/CMakeFiles/3.14.3/CompilerIdC/CMakeCCompilerId.d"

The CXX compiler identification could not be found in "/Users/oleg/Desktop/projects/Arduino/radio_car/cmake-build-debug/CMakeFiles/3.14.3/CompilerIdCXX/CMakeCXXCompilerId.d"

